<?xml version="1.0" encoding="UTF-8"?>
<!-- Generated by org.testng.reporters.JUnitReportReporter -->
<testsuite hostname="SantoshAM-PC" name="testcases.CreatePortfolioTest" tests="1" failures="0" timestamp="12 Sep 2021 12:43:38 GMT" time="34.006" errors="0">
  <testcase name="CreatePortfolio" time="34.006" classname="testcases.CreatePortfolioTest"/>
</testsuite> <!-- testcases.CreatePortfolioTest -->
